Classfile /home/dcowden/NetBeansProjects/ByteCodeMaster/ScriptTestClass.class
  Last modified Nov 30, 2014; size 4952 bytes
  MD5 checksum 6b97def5b57366c832cc7bc1b7f044b8
  Compiled from "ScriptTestClass.groovy"
public class ScriptTestClass implements groovy.lang.GroovyObject
  SourceFile: "ScriptTestClass.groovy"
  minor version: 0
  major version: 49
  flags: ACC_PUBLIC, ACC_SUPER
Constant pool:
    #1 = Utf8               ScriptTestClass
    #2 = Class              #1            //  ScriptTestClass
    #3 = Utf8               java/lang/Object
    #4 = Class              #3            //  java/lang/Object
    #5 = Utf8               groovy/lang/GroovyObject
    #6 = Class              #5            //  groovy/lang/GroovyObject
    #7 = Utf8               ScriptTestClass.groovy
    #8 = Utf8               $staticClassInfo
    #9 = Utf8               Lorg/codehaus/groovy/reflection/ClassInfo;
   #10 = Utf8               __$stMC
   #11 = Utf8               Z
   #12 = Utf8               metaClass
   #13 = Utf8               Lgroovy/lang/MetaClass;
   #14 = Utf8               __timeStamp
   #15 = Utf8               J
   #16 = Utf8               __timeStamp__239_neverHappen1417366615662
   #17 = Utf8               <init>
   #18 = Utf8               ()V
   #19 = NameAndType        #17:#18       //  "<init>":()V
   #20 = Methodref          #4.#19        //  java/lang/Object."<init>":()V
   #21 = Utf8               $getStaticMetaClass
   #22 = Utf8               ()Lgroovy/lang/MetaClass;
   #23 = NameAndType        #21:#22       //  $getStaticMetaClass:()Lgroovy/lang/MetaClass;
   #24 = Methodref          #2.#23        //  ScriptTestClass.$getStaticMetaClass:()Lgroovy/lang/MetaClass;
   #25 = NameAndType        #12:#13       //  metaClass:Lgroovy/lang/MetaClass;
   #26 = Fieldref           #2.#25        //  ScriptTestClass.metaClass:Lgroovy/lang/MetaClass;
   #27 = Utf8               this
   #28 = Utf8               LScriptTestClass;
   #29 = Utf8               test_method
   #30 = Utf8               (Ljava/lang/String;Ljava/lang/String;Ljava/lang/String;)V
   #31 = Utf8               foo
   #32 = String             #31           //  foo
   #33 = Utf8               x
   #34 = Utf8               Ljava/lang/String;
   #35 = Utf8               y
   #36 = Utf8               z
   #37 = Utf8               this$dist$invoke$1
   #38 = Utf8               (Ljava/lang/String;Ljava/lang/Object;)Ljava/lang/Object;
   #39 = Utf8               org/codehaus/groovy/runtime/GStringImpl
   #40 = Class              #39           //  org/codehaus/groovy/runtime/GStringImpl
   #41 = Utf8               java/lang/String
   #42 = Class              #41           //  java/lang/String
   #43 = Utf8               
   #44 = String             #43           //  
   #45 = Utf8               ([Ljava/lang/Object;[Ljava/lang/String;)V
   #46 = NameAndType        #17:#45       //  "<init>":([Ljava/lang/Object;[Ljava/lang/String;)V
   #47 = Methodref          #40.#46       //  org/codehaus/groovy/runtime/GStringImpl."<init>":([Ljava/lang/Object;[Ljava/lang/String;)V
   #48 = Utf8               org/codehaus/groovy/runtime/typehandling/ShortTypeHandling
   #49 = Class              #48           //  org/codehaus/groovy/runtime/typehandling/ShortTypeHandling
   #50 = Utf8               castToString
   #51 = Utf8               (Ljava/lang/Object;)Ljava/lang/String;
   #52 = NameAndType        #50:#51       //  castToString:(Ljava/lang/Object;)Ljava/lang/String;
   #53 = Methodref          #49.#52       //  org/codehaus/groovy/runtime/typehandling/ShortTypeHandling.castToString:(Ljava/lang/Object;)Ljava/lang/String;
   #54 = Utf8               org/codehaus/groovy/runtime/ScriptBytecodeAdapter
   #55 = Class              #54           //  org/codehaus/groovy/runtime/ScriptBytecodeAdapter
   #56 = Utf8               despreadList
   #57 = Utf8               ([Ljava/lang/Object;[Ljava/lang/Object;[I)[Ljava/lang/Object;
   #58 = NameAndType        #56:#57       //  despreadList:([Ljava/lang/Object;[Ljava/lang/Object;[I)[Ljava/lang/Object;
   #59 = Methodref          #55.#58       //  org/codehaus/groovy/runtime/ScriptBytecodeAdapter.despreadList:([Ljava/lang/Object;[Ljava/lang/Object;[I)[Ljava/lang/Object;
   #60 = Utf8               invokeMethodOnCurrentN
   #61 = Utf8               (Ljava/lang/Class;Lgroovy/lang/GroovyObject;Ljava/lang/String;[Ljava/lang/Object;)Ljava/lang/Object;
   #62 = NameAndType        #60:#61       //  invokeMethodOnCurrentN:(Ljava/lang/Class;Lgroovy/lang/GroovyObject;Ljava/lang/String;[Ljava/lang/Object;)Ljava/lang/Object;
   #63 = Methodref          #55.#62       //  org/codehaus/groovy/runtime/ScriptBytecodeAdapter.invokeMethodOnCurrentN:(Ljava/lang/Class;Lgroovy/lang/GroovyObject;Ljava/lang/String;[Ljava/lang/Object;)Ljava/lang/Object;
   #64 = Utf8               name
   #65 = Utf8               args
   #66 = Utf8               Ljava/lang/Object;
   #67 = Utf8               this$dist$set$1
   #68 = Utf8               (Ljava/lang/String;Ljava/lang/Object;)V
   #69 = Utf8               setGroovyObjectProperty
   #70 = Utf8               (Ljava/lang/Object;Ljava/lang/Class;Lgroovy/lang/GroovyObject;Ljava/lang/String;)V
   #71 = NameAndType        #69:#70       //  setGroovyObjectProperty:(Ljava/lang/Object;Ljava/lang/Class;Lgroovy/lang/GroovyObject;Ljava/lang/String;)V
   #72 = Methodref          #55.#71       //  org/codehaus/groovy/runtime/ScriptBytecodeAdapter.setGroovyObjectProperty:(Ljava/lang/Object;Ljava/lang/Class;Lgroovy/lang/GroovyObject;Ljava/lang/String;)V
   #73 = Utf8               value
   #74 = Utf8               this$dist$get$1
   #75 = Utf8               (Ljava/lang/String;)Ljava/lang/Object;
   #76 = Utf8               getGroovyObjectProperty
   #77 = Utf8               (Ljava/lang/Class;Lgroovy/lang/GroovyObject;Ljava/lang/String;)Ljava/lang/Object;
   #78 = NameAndType        #76:#77       //  getGroovyObjectProperty:(Ljava/lang/Class;Lgroovy/lang/GroovyObject;Ljava/lang/String;)Ljava/lang/Object;
   #79 = Methodref          #55.#78       //  org/codehaus/groovy/runtime/ScriptBytecodeAdapter.getGroovyObjectProperty:(Ljava/lang/Class;Lgroovy/lang/GroovyObject;Ljava/lang/String;)Ljava/lang/Object;
   #80 = Utf8               getClass
   #81 = Utf8               ()Ljava/lang/Class;
   #82 = NameAndType        #80:#81       //  getClass:()Ljava/lang/Class;
   #83 = Methodref          #4.#82        //  java/lang/Object.getClass:()Ljava/lang/Class;
   #84 = Utf8               initMetaClass
   #85 = Utf8               (Ljava/lang/Object;)Lgroovy/lang/MetaClass;
   #86 = NameAndType        #84:#85       //  initMetaClass:(Ljava/lang/Object;)Lgroovy/lang/MetaClass;
   #87 = Methodref          #55.#86       //  org/codehaus/groovy/runtime/ScriptBytecodeAdapter.initMetaClass:(Ljava/lang/Object;)Lgroovy/lang/MetaClass;
   #88 = NameAndType        #8:#9         //  $staticClassInfo:Lorg/codehaus/groovy/reflection/ClassInfo;
   #89 = Fieldref           #2.#88        //  ScriptTestClass.$staticClassInfo:Lorg/codehaus/groovy/reflection/ClassInfo;
   #90 = Utf8               org/codehaus/groovy/reflection/ClassInfo
   #91 = Class              #90           //  org/codehaus/groovy/reflection/ClassInfo
   #92 = Utf8               getClassInfo
   #93 = Utf8               (Ljava/lang/Class;)Lorg/codehaus/groovy/reflection/ClassInfo;
   #94 = NameAndType        #92:#93       //  getClassInfo:(Ljava/lang/Class;)Lorg/codehaus/groovy/reflection/ClassInfo;
   #95 = Methodref          #91.#94       //  org/codehaus/groovy/reflection/ClassInfo.getClassInfo:(Ljava/lang/Class;)Lorg/codehaus/groovy/reflection/ClassInfo;
   #96 = Utf8               getMetaClass
   #97 = NameAndType        #96:#22       //  getMetaClass:()Lgroovy/lang/MetaClass;
   #98 = Methodref          #91.#97       //  org/codehaus/groovy/reflection/ClassInfo.getMetaClass:()Lgroovy/lang/MetaClass;
   #99 = Utf8               setMetaClass
  #100 = Utf8               (Lgroovy/lang/MetaClass;)V
  #101 = Utf8               invokeMethod
  #102 = Methodref          #2.#97        //  ScriptTestClass.getMetaClass:()Lgroovy/lang/MetaClass;
  #103 = Utf8               groovy/lang/MetaClass
  #104 = Class              #103          //  groovy/lang/MetaClass
  #105 = Utf8               (Ljava/lang/Object;Ljava/lang/String;Ljava/lang/Object;)Ljava/lang/Object;
  #106 = NameAndType        #101:#105     //  invokeMethod:(Ljava/lang/Object;Ljava/lang/String;Ljava/lang/Object;)Ljava/lang/Object;
  #107 = InterfaceMethodref #104.#106     //  groovy/lang/MetaClass.invokeMethod:(Ljava/lang/Object;Ljava/lang/String;Ljava/lang/Object;)Ljava/lang/Object;
  #108 = Utf8               getProperty
  #109 = Utf8               (Ljava/lang/Object;Ljava/lang/String;)Ljava/lang/Object;
  #110 = NameAndType        #108:#109     //  getProperty:(Ljava/lang/Object;Ljava/lang/String;)Ljava/lang/Object;
  #111 = InterfaceMethodref #104.#110     //  groovy/lang/MetaClass.getProperty:(Ljava/lang/Object;Ljava/lang/String;)Ljava/lang/Object;
  #112 = Utf8               setProperty
  #113 = Utf8               (Ljava/lang/Object;Ljava/lang/String;Ljava/lang/Object;)V
  #114 = NameAndType        #112:#113     //  setProperty:(Ljava/lang/Object;Ljava/lang/String;Ljava/lang/Object;)V
  #115 = InterfaceMethodref #104.#114     //  groovy/lang/MetaClass.setProperty:(Ljava/lang/Object;Ljava/lang/String;Ljava/lang/Object;)V
  #116 = Utf8               __$swapInit
  #117 = Utf8               <clinit>
  #118 = NameAndType        #116:#18      //  __$swapInit:()V
  #119 = Methodref          #2.#118       //  ScriptTestClass.__$swapInit:()V
  #120 = Utf8               java/lang/Long
  #121 = Class              #120          //  java/lang/Long
  #122 = Utf8               valueOf
  #123 = Utf8               (J)Ljava/lang/Long;
  #124 = NameAndType        #122:#123     //  valueOf:(J)Ljava/lang/Long;
  #125 = Methodref          #121.#124     //  java/lang/Long.valueOf:(J)Ljava/lang/Long;
  #126 = Utf8               longValue
  #127 = Utf8               ()J
  #128 = NameAndType        #126:#127     //  longValue:()J
  #129 = Methodref          #121.#128     //  java/lang/Long.longValue:()J
  #130 = NameAndType        #16:#15       //  __timeStamp__239_neverHappen1417366615662:J
  #131 = Fieldref           #2.#130       //  ScriptTestClass.__timeStamp__239_neverHappen1417366615662:J
  #132 = Long               1417366615662l
  #134 = NameAndType        #14:#15       //  __timeStamp:J
  #135 = Fieldref           #2.#134       //  ScriptTestClass.__timeStamp:J
  #136 = Utf8               super$1$wait
  #137 = Utf8               wait
  #138 = NameAndType        #137:#18      //  wait:()V
  #139 = Methodref          #4.#138       //  java/lang/Object.wait:()V
  #140 = Utf8               super$1$toString
  #141 = Utf8               ()Ljava/lang/String;
  #142 = Utf8               toString
  #143 = NameAndType        #142:#141     //  toString:()Ljava/lang/String;
  #144 = Methodref          #4.#143       //  java/lang/Object.toString:()Ljava/lang/String;
  #145 = Utf8               (J)V
  #146 = NameAndType        #137:#145     //  wait:(J)V
  #147 = Methodref          #4.#146       //  java/lang/Object.wait:(J)V
  #148 = Utf8               (JI)V
  #149 = NameAndType        #137:#148     //  wait:(JI)V
  #150 = Methodref          #4.#149       //  java/lang/Object.wait:(JI)V
  #151 = Utf8               super$1$notify
  #152 = Utf8               notify
  #153 = NameAndType        #152:#18      //  notify:()V
  #154 = Methodref          #4.#153       //  java/lang/Object.notify:()V
  #155 = Utf8               super$1$notifyAll
  #156 = Utf8               notifyAll
  #157 = NameAndType        #156:#18      //  notifyAll:()V
  #158 = Methodref          #4.#157       //  java/lang/Object.notifyAll:()V
  #159 = Utf8               super$1$getClass
  #160 = Utf8               super$1$clone
  #161 = Utf8               ()Ljava/lang/Object;
  #162 = Utf8               clone
  #163 = NameAndType        #162:#161     //  clone:()Ljava/lang/Object;
  #164 = Methodref          #4.#163       //  java/lang/Object.clone:()Ljava/lang/Object;
  #165 = Utf8               super$1$equals
  #166 = Utf8               (Ljava/lang/Object;)Z
  #167 = Utf8               equals
  #168 = NameAndType        #167:#166     //  equals:(Ljava/lang/Object;)Z
  #169 = Methodref          #4.#168       //  java/lang/Object.equals:(Ljava/lang/Object;)Z
  #170 = Utf8               super$1$hashCode
  #171 = Utf8               ()I
  #172 = Utf8               hashCode
  #173 = NameAndType        #172:#171     //  hashCode:()I
  #174 = Methodref          #4.#173       //  java/lang/Object.hashCode:()I
  #175 = Utf8               super$1$finalize
  #176 = Utf8               finalize
  #177 = NameAndType        #176:#18      //  finalize:()V
  #178 = Methodref          #4.#177       //  java/lang/Object.finalize:()V
  #179 = Utf8               $callSiteArray
  #180 = Utf8               Ljava/lang/ref/SoftReference;
  #181 = Utf8               $createCallSiteArray
  #182 = Utf8               ()Lorg/codehaus/groovy/runtime/callsite/CallSiteArray;
  #183 = Integer            0
  #184 = Utf8               org/codehaus/groovy/runtime/callsite/CallSiteArray
  #185 = Class              #184          //  org/codehaus/groovy/runtime/callsite/CallSiteArray
  #186 = Utf8               (Ljava/lang/Class;[Ljava/lang/String;)V
  #187 = NameAndType        #17:#186      //  "<init>":(Ljava/lang/Class;[Ljava/lang/String;)V
  #188 = Methodref          #185.#187     //  org/codehaus/groovy/runtime/callsite/CallSiteArray."<init>":(Ljava/lang/Class;[Ljava/lang/String;)V
  #189 = Utf8               $getCallSiteArray
  #190 = Utf8               ()[Lorg/codehaus/groovy/runtime/callsite/CallSite;
  #191 = NameAndType        #179:#180     //  $callSiteArray:Ljava/lang/ref/SoftReference;
  #192 = Fieldref           #2.#191       //  ScriptTestClass.$callSiteArray:Ljava/lang/ref/SoftReference;
  #193 = Utf8               java/lang/ref/SoftReference
  #194 = Class              #193          //  java/lang/ref/SoftReference
  #195 = Utf8               get
  #196 = NameAndType        #195:#161     //  get:()Ljava/lang/Object;
  #197 = Methodref          #194.#196     //  java/lang/ref/SoftReference.get:()Ljava/lang/Object;
  #198 = NameAndType        #181:#182     //  $createCallSiteArray:()Lorg/codehaus/groovy/runtime/callsite/CallSiteArray;
  #199 = Methodref          #2.#198       //  ScriptTestClass.$createCallSiteArray:()Lorg/codehaus/groovy/runtime/callsite/CallSiteArray;
  #200 = Utf8               (Ljava/lang/Object;)V
  #201 = NameAndType        #17:#200      //  "<init>":(Ljava/lang/Object;)V
  #202 = Methodref          #194.#201     //  java/lang/ref/SoftReference."<init>":(Ljava/lang/Object;)V
  #203 = Utf8               array
  #204 = Utf8               [Lorg/codehaus/groovy/runtime/callsite/CallSite;
  #205 = NameAndType        #203:#204     //  array:[Lorg/codehaus/groovy/runtime/callsite/CallSite;
  #206 = Fieldref           #185.#205     //  org/codehaus/groovy/runtime/callsite/CallSiteArray.array:[Lorg/codehaus/groovy/runtime/callsite/CallSite;
  #207 = Utf8               class$
  #208 = Utf8               (Ljava/lang/String;)Ljava/lang/Class;
  #209 = Utf8               java/lang/Class
  #210 = Class              #209          //  java/lang/Class
  #211 = Utf8               forName
  #212 = NameAndType        #211:#208     //  forName:(Ljava/lang/String;)Ljava/lang/Class;
  #213 = Methodref          #210.#212     //  java/lang/Class.forName:(Ljava/lang/String;)Ljava/lang/Class;
  #214 = Utf8               java/lang/NoClassDefFoundError
  #215 = Class              #214          //  java/lang/NoClassDefFoundError
  #216 = Utf8               java/lang/ClassNotFoundException
  #217 = Class              #216          //  java/lang/ClassNotFoundException
  #218 = Utf8               getMessage
  #219 = NameAndType        #218:#141     //  getMessage:()Ljava/lang/String;
  #220 = Methodref          #217.#219     //  java/lang/ClassNotFoundException.getMessage:()Ljava/lang/String;
  #221 = Utf8               (Ljava/lang/String;)V
  #222 = NameAndType        #17:#221      //  "<init>":(Ljava/lang/String;)V
  #223 = Methodref          #215.#222     //  java/lang/NoClassDefFoundError."<init>":(Ljava/lang/String;)V
  #224 = Utf8               Code
  #225 = Utf8               LocalVariableTable
  #226 = Utf8               LineNumberTable
  #227 = Utf8               SourceFile
{
  public static transient boolean __$stMC;
    flags: ACC_PUBLIC, ACC_STATIC, ACC_TRANSIENT, ACC_SYNTHETIC


  public static long __timeStamp;
    flags: ACC_PUBLIC, ACC_STATIC, ACC_SYNTHETIC


  public static long __timeStamp__239_neverHappen1417366615662;
    flags: ACC_PUBLIC, ACC_STATIC, ACC_SYNTHETIC


  public ScriptTestClass();
    flags: ACC_PUBLIC
    Code:
      stack=2, locals=2, args_size=1
         0: aload_0       
         1: invokespecial #20                 // Method java/lang/Object."<init>":()V
         4: aload_0       
         5: invokevirtual #24                 // Method $getStaticMetaClass:()Lgroovy/lang/MetaClass;
         8: astore_1      
         9: aload_1       
        10: aload_0       
        11: swap          
        12: putfield      #26                 // Field metaClass:Lgroovy/lang/MetaClass;
        15: aload_1       
        16: pop           
        17: return        
      LocalVariableTable:
        Start  Length  Slot  Name   Signature
               4      13     0  this   LScriptTestClass;

  public void test_method(java.lang.String, java.lang.String, java.lang.String);
    flags: ACC_PUBLIC
    Code:
      stack=1, locals=5, args_size=4
         0: ldc           #32                 // String foo
         2: astore        4
         4: aload         4
         6: astore_1      
         7: aload         4
         9: pop           
        10: return        
      LocalVariableTable:
        Start  Length  Slot  Name   Signature
               0      10     0  this   LScriptTestClass;
               0      10     1     x   Ljava/lang/String;
               0      10     2     y   Ljava/lang/String;
               0      10     3     z   Ljava/lang/String;
      LineNumberTable:
        line 4: 0

  public java.lang.Object this$dist$invoke$1(java.lang.String, java.lang.Object);
    flags: ACC_PUBLIC, ACC_SYNTHETIC
    Code:
      stack=9, locals=3, args_size=3
         0: ldc           #2                  // class ScriptTestClass
         2: aload_0       
         3: new           #40                 // class org/codehaus/groovy/runtime/GStringImpl
         6: dup           
         7: iconst_1      
         8: anewarray     #4                  // class java/lang/Object
        11: dup           
        12: iconst_0      
        13: aload_1       
        14: aastore       
        15: iconst_2      
        16: anewarray     #42                 // class java/lang/String
        19: dup           
        20: iconst_0      
        21: ldc           #44                 // String 
        23: aastore       
        24: dup           
        25: iconst_1      
        26: ldc           #44                 // String 
        28: aastore       
        29: invokespecial #47                 // Method org/codehaus/groovy/runtime/GStringImpl."<init>":([Ljava/lang/Object;[Ljava/lang/String;)V
        32: invokestatic  #53                 // Method org/codehaus/groovy/runtime/typehandling/ShortTypeHandling.castToString:(Ljava/lang/Object;)Ljava/lang/String;
        35: checkcast     #42                 // class java/lang/String
        38: iconst_0      
        39: anewarray     #4                  // class java/lang/Object
        42: iconst_1      
        43: anewarray     #4                  // class java/lang/Object
        46: dup           
        47: iconst_0      
        48: aload_2       
        49: aastore       
        50: iconst_1      
        51: newarray       int
        53: dup           
        54: iconst_0      
        55: iconst_0      
        56: iastore       
        57: invokestatic  #59                 // Method org/codehaus/groovy/runtime/ScriptBytecodeAdapter.despreadList:([Ljava/lang/Object;[Ljava/lang/Object;[I)[Ljava/lang/Object;
        60: invokestatic  #63                 // Method org/codehaus/groovy/runtime/ScriptBytecodeAdapter.invokeMethodOnCurrentN:(Ljava/lang/Class;Lgroovy/lang/GroovyObject;Ljava/lang/String;[Ljava/lang/Object;)Ljava/lang/Object;
        63: areturn       
        64: aconst_null   
        65: areturn       
      LocalVariableTable:
        Start  Length  Slot  Name   Signature
               0      64     0  this   LScriptTestClass;
               0      64     1  name   Ljava/lang/String;
               0      64     2  args   Ljava/lang/Object;

  public void this$dist$set$1(java.lang.String, java.lang.Object);
    flags: ACC_PUBLIC, ACC_SYNTHETIC
    Code:
      stack=10, locals=4, args_size=3
         0: aload_2       
         1: astore_3      
         2: aload_3       
         3: ldc           #2                  // class ScriptTestClass
         5: aload_0       
         6: new           #40                 // class org/codehaus/groovy/runtime/GStringImpl
         9: dup           
        10: iconst_1      
        11: anewarray     #4                  // class java/lang/Object
        14: dup           
        15: iconst_0      
        16: aload_1       
        17: aastore       
        18: iconst_2      
        19: anewarray     #42                 // class java/lang/String
        22: dup           
        23: iconst_0      
        24: ldc           #44                 // String 
        26: aastore       
        27: dup           
        28: iconst_1      
        29: ldc           #44                 // String 
        31: aastore       
        32: invokespecial #47                 // Method org/codehaus/groovy/runtime/GStringImpl."<init>":([Ljava/lang/Object;[Ljava/lang/String;)V
        35: invokestatic  #53                 // Method org/codehaus/groovy/runtime/typehandling/ShortTypeHandling.castToString:(Ljava/lang/Object;)Ljava/lang/String;
        38: checkcast     #42                 // class java/lang/String
        41: invokestatic  #72                 // Method org/codehaus/groovy/runtime/ScriptBytecodeAdapter.setGroovyObjectProperty:(Ljava/lang/Object;Ljava/lang/Class;Lgroovy/lang/GroovyObject;Ljava/lang/String;)V
        44: aload_3       
        45: pop           
        46: return        
      LocalVariableTable:
        Start  Length  Slot  Name   Signature
               0      46     0  this   LScriptTestClass;
               0      46     1  name   Ljava/lang/String;
               0      46     2 value   Ljava/lang/Object;

  public java.lang.Object this$dist$get$1(java.lang.String);
    flags: ACC_PUBLIC, ACC_SYNTHETIC
    Code:
      stack=9, locals=2, args_size=2
         0: ldc           #2                  // class ScriptTestClass
         2: aload_0       
         3: new           #40                 // class org/codehaus/groovy/runtime/GStringImpl
         6: dup           
         7: iconst_1      
         8: anewarray     #4                  // class java/lang/Object
        11: dup           
        12: iconst_0      
        13: aload_1       
        14: aastore       
        15: iconst_2      
        16: anewarray     #42                 // class java/lang/String
        19: dup           
        20: iconst_0      
        21: ldc           #44                 // String 
        23: aastore       
        24: dup           
        25: iconst_1      
        26: ldc           #44                 // String 
        28: aastore       
        29: invokespecial #47                 // Method org/codehaus/groovy/runtime/GStringImpl."<init>":([Ljava/lang/Object;[Ljava/lang/String;)V
        32: invokestatic  #53                 // Method org/codehaus/groovy/runtime/typehandling/ShortTypeHandling.castToString:(Ljava/lang/Object;)Ljava/lang/String;
        35: checkcast     #42                 // class java/lang/String
        38: invokestatic  #79                 // Method org/codehaus/groovy/runtime/ScriptBytecodeAdapter.getGroovyObjectProperty:(Ljava/lang/Class;Lgroovy/lang/GroovyObject;Ljava/lang/String;)Ljava/lang/Object;
        41: areturn       
        42: aconst_null   
        43: areturn       
      LocalVariableTable:
        Start  Length  Slot  Name   Signature
               0      42     0  this   LScriptTestClass;
               0      42     1  name   Ljava/lang/String;

  protected groovy.lang.MetaClass $getStaticMetaClass();
    flags: ACC_PROTECTED, ACC_SYNTHETIC
    Code:
      stack=2, locals=2, args_size=1
         0: aload_0       
         1: invokevirtual #83                 // Method java/lang/Object.getClass:()Ljava/lang/Class;
         4: ldc           #2                  // class ScriptTestClass
         6: if_acmpeq     14
         9: aload_0       
        10: invokestatic  #87                 // Method org/codehaus/groovy/runtime/ScriptBytecodeAdapter.initMetaClass:(Ljava/lang/Object;)Lgroovy/lang/MetaClass;
        13: areturn       
        14: getstatic     #89                 // Field $staticClassInfo:Lorg/codehaus/groovy/reflection/ClassInfo;
        17: astore_1      
        18: aload_1       
        19: ifnonnull     34
        22: aload_0       
        23: invokevirtual #83                 // Method java/lang/Object.getClass:()Ljava/lang/Class;
        26: invokestatic  #95                 // Method org/codehaus/groovy/reflection/ClassInfo.getClassInfo:(Ljava/lang/Class;)Lorg/codehaus/groovy/reflection/ClassInfo;
        29: dup           
        30: astore_1      
        31: putstatic     #89                 // Field $staticClassInfo:Lorg/codehaus/groovy/reflection/ClassInfo;
        34: aload_1       
        35: invokevirtual #98                 // Method org/codehaus/groovy/reflection/ClassInfo.getMetaClass:()Lgroovy/lang/MetaClass;
        38: areturn       

  public groovy.lang.MetaClass getMetaClass();
    flags: ACC_PUBLIC, ACC_SYNTHETIC
    Code:
      stack=2, locals=1, args_size=1
         0: aload_0       
         1: getfield      #26                 // Field metaClass:Lgroovy/lang/MetaClass;
         4: dup           
         5: ifnull        9
         8: areturn       
         9: pop           
        10: aload_0       
        11: dup           
        12: invokevirtual #24                 // Method $getStaticMetaClass:()Lgroovy/lang/MetaClass;
        15: putfield      #26                 // Field metaClass:Lgroovy/lang/MetaClass;
        18: aload_0       
        19: getfield      #26                 // Field metaClass:Lgroovy/lang/MetaClass;
        22: areturn       

  public void setMetaClass(groovy.lang.MetaClass);
    flags: ACC_PUBLIC, ACC_SYNTHETIC
    Code:
      stack=2, locals=2, args_size=2
         0: aload_0       
         1: aload_1       
         2: putfield      #26                 // Field metaClass:Lgroovy/lang/MetaClass;
         5: return        

  public java.lang.Object invokeMethod(java.lang.String, java.lang.Object);
    flags: ACC_PUBLIC, ACC_SYNTHETIC
    Code:
      stack=4, locals=3, args_size=3
         0: aload_0       
         1: invokevirtual #102                // Method getMetaClass:()Lgroovy/lang/MetaClass;
         4: aload_0       
         5: aload_1       
         6: aload_2       
         7: invokeinterface #107,  4          // InterfaceMethod groovy/lang/MetaClass.invokeMethod:(Ljava/lang/Object;Ljava/lang/String;Ljava/lang/Object;)Ljava/lang/Object;
        12: areturn       

  public java.lang.Object getProperty(java.lang.String);
    flags: ACC_PUBLIC, ACC_SYNTHETIC
    Code:
      stack=3, locals=2, args_size=2
         0: aload_0       
         1: invokevirtual #102                // Method getMetaClass:()Lgroovy/lang/MetaClass;
         4: aload_0       
         5: aload_1       
         6: invokeinterface #111,  3          // InterfaceMethod groovy/lang/MetaClass.getProperty:(Ljava/lang/Object;Ljava/lang/String;)Ljava/lang/Object;
        11: areturn       

  public void setProperty(java.lang.String, java.lang.Object);
    flags: ACC_PUBLIC, ACC_SYNTHETIC
    Code:
      stack=4, locals=3, args_size=3
         0: aload_0       
         1: invokevirtual #102                // Method getMetaClass:()Lgroovy/lang/MetaClass;
         4: aload_0       
         5: aload_1       
         6: aload_2       
         7: invokeinterface #115,  4          // InterfaceMethod groovy/lang/MetaClass.setProperty:(Ljava/lang/Object;Ljava/lang/String;Ljava/lang/Object;)V
        12: return        

  public static void __$swapInit();
    flags: ACC_PUBLIC, ACC_STATIC, ACC_SYNTHETIC
    Code:
      stack=0, locals=0, args_size=0
         0: return        

  static {};
    flags: ACC_STATIC
    Code:
      stack=2, locals=2, args_size=0
         0: invokestatic  #119                // Method __$swapInit:()V
         3: lconst_0      
         4: invokestatic  #125                // Method java/lang/Long.valueOf:(J)Ljava/lang/Long;
         7: astore_0      
         8: aload_0       
         9: invokevirtual #129                // Method java/lang/Long.longValue:()J
        12: putstatic     #131                // Field __timeStamp__239_neverHappen1417366615662:J
        15: aload_0       
        16: pop           
        17: ldc2_w        #132                // long 1417366615662l
        20: invokestatic  #125                // Method java/lang/Long.valueOf:(J)Ljava/lang/Long;
        23: astore_1      
        24: aload_1       
        25: invokevirtual #129                // Method java/lang/Long.longValue:()J
        28: putstatic     #135                // Field __timeStamp:J
        31: aload_1       
        32: pop           
        33: return        

  public void super$1$wait();
    flags: ACC_PUBLIC, ACC_SYNTHETIC
    Code:
      stack=1, locals=1, args_size=1
         0: aload_0       
         1: invokespecial #139                // Method java/lang/Object.wait:()V
         4: return        

  public java.lang.String super$1$toString();
    flags: ACC_PUBLIC, ACC_SYNTHETIC
    Code:
      stack=1, locals=1, args_size=1
         0: aload_0       
         1: invokespecial #144                // Method java/lang/Object.toString:()Ljava/lang/String;
         4: areturn       

  public void super$1$wait(long);
    flags: ACC_PUBLIC, ACC_SYNTHETIC
    Code:
      stack=3, locals=3, args_size=2
         0: aload_0       
         1: lload_1       
         2: invokespecial #147                // Method java/lang/Object.wait:(J)V
         5: return        

  public void super$1$wait(long, int);
    flags: ACC_PUBLIC, ACC_SYNTHETIC
    Code:
      stack=4, locals=4, args_size=3
         0: aload_0       
         1: lload_1       
         2: iload_3       
         3: invokespecial #150                // Method java/lang/Object.wait:(JI)V
         6: return        

  public void super$1$notify();
    flags: ACC_PUBLIC, ACC_SYNTHETIC
    Code:
      stack=1, locals=1, args_size=1
         0: aload_0       
         1: invokespecial #154                // Method java/lang/Object.notify:()V
         4: return        

  public void super$1$notifyAll();
    flags: ACC_PUBLIC, ACC_SYNTHETIC
    Code:
      stack=1, locals=1, args_size=1
         0: aload_0       
         1: invokespecial #158                // Method java/lang/Object.notifyAll:()V
         4: return        

  public java.lang.Class super$1$getClass();
    flags: ACC_PUBLIC, ACC_SYNTHETIC
    Code:
      stack=1, locals=1, args_size=1
         0: aload_0       
         1: invokespecial #83                 // Method java/lang/Object.getClass:()Ljava/lang/Class;
         4: areturn       

  public java.lang.Object super$1$clone();
    flags: ACC_PUBLIC, ACC_SYNTHETIC
    Code:
      stack=1, locals=1, args_size=1
         0: aload_0       
         1: invokespecial #164                // Method java/lang/Object.clone:()Ljava/lang/Object;
         4: areturn       

  public boolean super$1$equals(java.lang.Object);
    flags: ACC_PUBLIC, ACC_SYNTHETIC
    Code:
      stack=2, locals=2, args_size=2
         0: aload_0       
         1: aload_1       
         2: invokespecial #169                // Method java/lang/Object.equals:(Ljava/lang/Object;)Z
         5: ireturn       

  public int super$1$hashCode();
    flags: ACC_PUBLIC, ACC_SYNTHETIC
    Code:
      stack=1, locals=1, args_size=1
         0: aload_0       
         1: invokespecial #174                // Method java/lang/Object.hashCode:()I
         4: ireturn       

  public void super$1$finalize();
    flags: ACC_PUBLIC, ACC_SYNTHETIC
    Code:
      stack=1, locals=1, args_size=1
         0: aload_0       
         1: invokespecial #178                // Method java/lang/Object.finalize:()V
         4: return        

  static java.lang.Class class$(java.lang.String);
    flags: ACC_STATIC, ACC_SYNTHETIC
    Code:
      stack=3, locals=2, args_size=1
         0: aload_0       
         1: invokestatic  #213                // Method java/lang/Class.forName:(Ljava/lang/String;)Ljava/lang/Class;
         4: areturn       
         5: astore_1      
         6: new           #215                // class java/lang/NoClassDefFoundError
         9: dup           
        10: aload_1       
        11: invokevirtual #220                // Method java/lang/ClassNotFoundException.getMessage:()Ljava/lang/String;
        14: invokespecial #223                // Method java/lang/NoClassDefFoundError."<init>":(Ljava/lang/String;)V
        17: athrow        
      Exception table:
         from    to  target type
             0     5     5   Class java/lang/ClassNotFoundException
}
